<?xml version="1.0" encoding="UTF-8"?>
<!-- Generated by org.testng.reporters.JUnitXMLReporter -->
<testsuite ignored="0" hostname="Abhilash" failures="0" tests="2" name="Default test" time="42.67" errors="0" timestamp="2024-09-24T12:49:00 IST">
  <testcase classname="AmztestCASES.AZTC_15ReachCart" name="ReachCart" time="11.205">
    <skipped/>
  </testcase> <!-- ReachCart -->
  <testcase classname="AmztestCASES.AZTC_15ReachCart" name="ReachCart" time="11.66"/>
</testsuite> <!-- Default test -->
